0 info it worked if it ends with ok
1 verbose cli [ '/usr/bin/nodejs',
1 verbose cli   '/usr/local/bin/npm',
1 verbose cli   'install',
1 verbose cli   'express-session' ]
2 info using npm@3.5.0
3 info using node@v4.2.3
4 silly loadCurrentTree Starting
5 silly install loadCurrentTree
6 silly install readLocalPackageData
7 silly fetchPackageMetaData express-session
8 silly fetchNamedPackageData express-session
9 silly mapToRegistry name express-session
10 silly mapToRegistry using default registry
11 silly mapToRegistry registry https://registry.npmjs.org/
12 silly mapToRegistry uri https://registry.npmjs.org/express-session
13 verbose request uri https://registry.npmjs.org/express-session
14 verbose request no auth needed
15 info attempt registry request try #1 at 12:54:05 PM
16 verbose request id 1967dafe24f85b0d
17 verbose etag "8CC544TZ5QJ39RFQ4YKPYT66J"
18 http request GET https://registry.npmjs.org/express-session
19 http 304 https://registry.npmjs.org/express-session
20 verbose headers { date: 'Fri, 05 Feb 2016 10:54:06 GMT',
20 verbose headers   via: '1.1 varnish',
20 verbose headers   'cache-control': 'max-age=300',
20 verbose headers   etag: '"8CC544TZ5QJ39RFQ4YKPYT66J"',
20 verbose headers   age: '249',
20 verbose headers   connection: 'keep-alive',
20 verbose headers   'x-served-by': 'cache-ams4140-AMS',
20 verbose headers   'x-cache': 'HIT',
20 verbose headers   'x-cache-hits': '2',
20 verbose headers   'x-timer': 'S1454669646.609051,VS0,VE0',
20 verbose headers   vary: 'Accept' }
21 silly get cb [ 304,
21 silly get   { date: 'Fri, 05 Feb 2016 10:54:06 GMT',
21 silly get     via: '1.1 varnish',
21 silly get     'cache-control': 'max-age=300',
21 silly get     etag: '"8CC544TZ5QJ39RFQ4YKPYT66J"',
21 silly get     age: '249',
21 silly get     connection: 'keep-alive',
21 silly get     'x-served-by': 'cache-ams4140-AMS',
21 silly get     'x-cache': 'HIT',
21 silly get     'x-cache-hits': '2',
21 silly get     'x-timer': 'S1454669646.609051,VS0,VE0',
21 silly get     vary: 'Accept' } ]
22 verbose etag https://registry.npmjs.org/express-session from cache
23 verbose get saving express-session to /home/siphesande/.npm/registry.npmjs.org/express-session/.cache.json
24 silly install normalizeTree
25 silly loadCurrentTree Finishing
26 silly loadIdealTree Starting
27 silly install loadIdealTree
28 silly cloneCurrentTree Starting
29 silly install cloneCurrentTreeToIdealTree
30 silly cloneCurrentTree Finishing
31 silly loadShrinkwrap Starting
32 silly install loadShrinkwrap
33 silly loadShrinkwrap Finishing
34 silly loadAllDepsIntoIdealTree Starting
35 silly install loadAllDepsIntoIdealTree
36 silly resolveWithNewModule express-session@1.13.0 checking installable status
37 silly cache add args [ 'express-session', null ]
38 verbose cache add spec express-session
39 silly cache add parsed spec Result {
39 silly cache add   raw: 'express-session',
39 silly cache add   scope: null,
39 silly cache add   name: 'express-session',
39 silly cache add   rawSpec: '',
39 silly cache add   spec: 'latest',
39 silly cache add   type: 'tag' }
40 silly addNamed express-session@latest
41 verbose addNamed "latest" is being treated as a dist-tag for express-session
42 info addNameTag [ 'express-session', 'latest' ]
43 silly mapToRegistry name express-session
44 silly mapToRegistry using default registry
45 silly mapToRegistry registry https://registry.npmjs.org/
46 silly mapToRegistry uri https://registry.npmjs.org/express-session
47 verbose addNameTag registry:https://registry.npmjs.org/express-session not in flight; fetching
48 verbose get https://registry.npmjs.org/express-session not expired, no request
49 silly addNameTag next cb for express-session with tag latest
50 silly addNamed express-session@1.13.0
51 verbose addNamed "1.13.0" is a plain semver version for express-session
52 silly cache afterAdd express-session@1.13.0
53 verbose afterAdd /home/siphesande/.npm/express-session/1.13.0/package/package.json not in flight; writing
54 verbose afterAdd /home/siphesande/.npm/express-session/1.13.0/package/package.json written
55 silly fetchNamedPackageData depd
56 silly mapToRegistry name depd
57 silly mapToRegistry using default registry
58 silly mapToRegistry registry https://registry.npmjs.org/
59 silly mapToRegistry uri https://registry.npmjs.org/depd
60 verbose request uri https://registry.npmjs.org/depd
61 verbose request no auth needed
62 info attempt registry request try #1 at 12:54:06 PM
63 verbose etag "9RIZB1EIDIJG4QPF8LH6MJOZ"
64 http request GET https://registry.npmjs.org/depd
65 http 304 https://registry.npmjs.org/depd
66 verbose headers { date: 'Fri, 05 Feb 2016 10:54:07 GMT',
66 verbose headers   via: '1.1 varnish',
66 verbose headers   'cache-control': 'max-age=300',
66 verbose headers   etag: '"9RIZB1EIDIJG4QPF8LH6MJOZ"',
66 verbose headers   age: '155',
66 verbose headers   connection: 'keep-alive',
66 verbose headers   'x-served-by': 'cache-ams4146-AMS',
66 verbose headers   'x-cache': 'HIT',
66 verbose headers   'x-cache-hits': '5',
66 verbose headers   'x-timer': 'S1454669647.460913,VS0,VE0',
66 verbose headers   vary: 'Accept' }
67 silly get cb [ 304,
67 silly get   { date: 'Fri, 05 Feb 2016 10:54:07 GMT',
67 silly get     via: '1.1 varnish',
67 silly get     'cache-control': 'max-age=300',
67 silly get     etag: '"9RIZB1EIDIJG4QPF8LH6MJOZ"',
67 silly get     age: '155',
67 silly get     connection: 'keep-alive',
67 silly get     'x-served-by': 'cache-ams4146-AMS',
67 silly get     'x-cache': 'HIT',
67 silly get     'x-cache-hits': '5',
67 silly get     'x-timer': 'S1454669647.460913,VS0,VE0',
67 silly get     vary: 'Accept' } ]
68 verbose etag https://registry.npmjs.org/depd from cache
69 verbose get saving depd to /home/siphesande/.npm/registry.npmjs.org/depd/.cache.json
70 silly resolveWithNewModule depd@1.1.0 checking installable status
71 silly cache add args [ 'depd@~1.1.0', null ]
72 verbose cache add spec depd@~1.1.0
73 silly cache add parsed spec Result {
73 silly cache add   raw: 'depd@~1.1.0',
73 silly cache add   scope: null,
73 silly cache add   name: 'depd',
73 silly cache add   rawSpec: '~1.1.0',
73 silly cache add   spec: '>=1.1.0 <1.2.0',
73 silly cache add   type: 'range' }
74 silly addNamed depd@>=1.1.0 <1.2.0
75 verbose addNamed ">=1.1.0 <1.2.0" is a valid semver range for depd
76 silly addNameRange { name: 'depd', range: '>=1.1.0 <1.2.0', hasData: false }
77 silly mapToRegistry name depd
78 silly mapToRegistry using default registry
79 silly mapToRegistry registry https://registry.npmjs.org/
80 silly mapToRegistry uri https://registry.npmjs.org/depd
81 verbose addNameRange registry:https://registry.npmjs.org/depd not in flight; fetching
82 verbose get https://registry.npmjs.org/depd not expired, no request
83 silly addNameRange number 2 { name: 'depd', range: '>=1.1.0 <1.2.0', hasData: true }
84 silly addNameRange versions [ 'depd',
84 silly addNameRange   [ '0.0.0',
84 silly addNameRange     '0.0.1',
84 silly addNameRange     '0.1.0',
84 silly addNameRange     '0.2.0',
84 silly addNameRange     '0.3.0',
84 silly addNameRange     '0.4.0',
84 silly addNameRange     '0.4.1',
84 silly addNameRange     '0.4.2',
84 silly addNameRange     '0.4.3',
84 silly addNameRange     '0.4.4',
84 silly addNameRange     '0.4.5',
84 silly addNameRange     '1.0.0',
84 silly addNameRange     '1.0.1',
84 silly addNameRange     '1.1.0' ] ]
85 silly addNamed depd@1.1.0
86 verbose addNamed "1.1.0" is a plain semver version for depd
87 silly cache afterAdd depd@1.1.0
88 verbose afterAdd /home/siphesande/.npm/depd/1.1.0/package/package.json not in flight; writing
89 verbose afterAdd /home/siphesande/.npm/depd/1.1.0/package/package.json written
90 silly loadAllDepsIntoIdealTree Finishing
91 silly idealTree:prePrune spaza-app@0.0.0
91 silly idealTree:prePrune ├── base64-url@1.2.1
91 silly idealTree:prePrune ├── bcrypt@0.8.5
91 silly idealTree:prePrune ├── bindings@1.2.1
91 silly idealTree:prePrune ├── body-parser@1.12.4
91 silly idealTree:prePrune ├── bytes@1.0.0
91 silly idealTree:prePrune ├── content-type@1.0.1
91 silly idealTree:prePrune ├── cookie-parser@1.4.1
91 silly idealTree:prePrune ├── cookie-session@2.0.0-alpha.1
91 silly idealTree:prePrune ├── cookie-signature@1.0.6
91 silly idealTree:prePrune ├── cookie@0.2.3
91 silly idealTree:prePrune ├── cookies@0.5.1
91 silly idealTree:prePrune ├── crc@3.4.0
91 silly idealTree:prePrune ├── debug@2.2.0
91 silly idealTree:prePrune ├── depd@1.0.1
91 silly idealTree:prePrune ├── ee-first@1.1.0
91 silly idealTree:prePrune ├─┬ express-handlebars@2.0.1
91 silly idealTree:prePrune │ ├─┬ glob@5.0.15
91 silly idealTree:prePrune │ │ ├─┬ inflight@1.0.4
91 silly idealTree:prePrune │ │ │ └── wrappy@1.0.1
91 silly idealTree:prePrune │ │ ├── inherits@2.0.1
91 silly idealTree:prePrune │ │ ├─┬ minimatch@3.0.0
91 silly idealTree:prePrune │ │ │ └─┬ brace-expansion@1.1.1
91 silly idealTree:prePrune │ │ │   ├── balanced-match@0.2.0
91 silly idealTree:prePrune │ │ │   └── concat-map@0.0.1
91 silly idealTree:prePrune │ │ ├─┬ once@1.3.2
91 silly idealTree:prePrune │ │ │ └── wrappy@1.0.1
91 silly idealTree:prePrune │ │ └── path-is-absolute@1.0.0
91 silly idealTree:prePrune │ ├── graceful-fs@3.0.8
91 silly idealTree:prePrune │ ├─┬ handlebars@3.0.3
91 silly idealTree:prePrune │ │ ├─┬ optimist@0.6.1
91 silly idealTree:prePrune │ │ │ ├── minimist@0.0.10
91 silly idealTree:prePrune │ │ │ └── wordwrap@0.0.3
91 silly idealTree:prePrune │ │ ├─┬ source-map@0.1.43
91 silly idealTree:prePrune │ │ │ └── amdefine@1.0.0
91 silly idealTree:prePrune │ │ └─┬ uglify-js@2.3.6
91 silly idealTree:prePrune │ │   ├── async@0.2.10
91 silly idealTree:prePrune │ │   └─┬ optimist@0.3.7
91 silly idealTree:prePrune │ │     └── wordwrap@0.0.3
91 silly idealTree:prePrune │ ├─┬ object.assign@1.1.1
91 silly idealTree:prePrune │ │ └── object-keys@1.0.9
91 silly idealTree:prePrune │ └─┬ promise@6.1.0
91 silly idealTree:prePrune │   └── asap@1.0.0
91 silly idealTree:prePrune ├── express-myconnection@1.0.4
91 silly idealTree:prePrune ├─┬ express-session@1.13.0
91 silly idealTree:prePrune │ └── depd@1.1.0
91 silly idealTree:prePrune ├─┬ express@4.13.3
91 silly idealTree:prePrune │ ├─┬ accepts@1.2.13
91 silly idealTree:prePrune │ │ ├─┬ mime-types@2.1.7
91 silly idealTree:prePrune │ │ │ └── mime-db@1.19.0
91 silly idealTree:prePrune │ │ └── negotiator@0.5.3
91 silly idealTree:prePrune │ ├── array-flatten@1.1.1
91 silly idealTree:prePrune │ ├── content-disposition@0.5.0
91 silly idealTree:prePrune │ ├── content-type@1.0.1
91 silly idealTree:prePrune │ ├── cookie-signature@1.0.6
91 silly idealTree:prePrune │ ├── cookie@0.1.3
91 silly idealTree:prePrune │ ├─┬ debug@2.2.0
91 silly idealTree:prePrune │ │ └── ms@0.7.1
91 silly idealTree:prePrune │ ├── depd@1.0.1
91 silly idealTree:prePrune │ ├── escape-html@1.0.2
91 silly idealTree:prePrune │ ├── etag@1.7.0
91 silly idealTree:prePrune │ ├─┬ finalhandler@0.4.0
91 silly idealTree:prePrune │ │ └── unpipe@1.0.0
91 silly idealTree:prePrune │ ├── fresh@0.3.0
91 silly idealTree:prePrune │ ├── merge-descriptors@1.0.0
91 silly idealTree:prePrune │ ├── methods@1.1.1
91 silly idealTree:prePrune │ ├─┬ on-finished@2.3.0
91 silly idealTree:prePrune │ │ └── ee-first@1.1.1
91 silly idealTree:prePrune │ ├── parseurl@1.3.0
91 silly idealTree:prePrune │ ├── path-to-regexp@0.1.7
91 silly idealTree:prePrune │ ├─┬ proxy-addr@1.0.8
91 silly idealTree:prePrune │ │ ├── forwarded@0.1.0
91 silly idealTree:prePrune │ │ └── ipaddr.js@1.0.1
91 silly idealTree:prePrune │ ├── qs@4.0.0
91 silly idealTree:prePrune │ ├── range-parser@1.0.2
91 silly idealTree:prePrune │ ├─┬ send@0.13.0
91 silly idealTree:prePrune │ │ ├── destroy@1.0.3
91 silly idealTree:prePrune │ │ ├─┬ http-errors@1.3.1
91 silly idealTree:prePrune │ │ │ └── inherits@2.0.1
91 silly idealTree:prePrune │ │ ├── mime@1.3.4
91 silly idealTree:prePrune │ │ ├── ms@0.7.1
91 silly idealTree:prePrune │ │ └── statuses@1.2.1
91 silly idealTree:prePrune │ ├── serve-static@1.10.0
91 silly idealTree:prePrune │ ├─┬ type-is@1.6.9
91 silly idealTree:prePrune │ │ ├── media-typer@0.3.0
91 silly idealTree:prePrune │ │ └─┬ mime-types@2.1.7
91 silly idealTree:prePrune │ │   └── mime-db@1.19.0
91 silly idealTree:prePrune │ ├── utils-merge@1.0.0
91 silly idealTree:prePrune │ └── vary@1.0.1
91 silly idealTree:prePrune ├── iconv-lite@0.4.8
91 silly idealTree:prePrune ├── keygrip@1.0.1
91 silly idealTree:prePrune ├── media-typer@0.3.0
91 silly idealTree:prePrune ├── mime-db@1.21.0
91 silly idealTree:prePrune ├── mime-types@2.1.9
91 silly idealTree:prePrune ├── ms@0.7.1
91 silly idealTree:prePrune ├─┬ mysql@2.9.0
91 silly idealTree:prePrune │ ├── bignumber.js@2.0.7
91 silly idealTree:prePrune │ └─┬ readable-stream@1.1.13
91 silly idealTree:prePrune │   ├── core-util-is@1.0.1
91 silly idealTree:prePrune │   ├── inherits@2.0.1
91 silly idealTree:prePrune │   ├── isarray@0.0.1
91 silly idealTree:prePrune │   └── string_decoder@0.10.31
91 silly idealTree:prePrune ├── nan@2.0.5
91 silly idealTree:prePrune ├── on-finished@2.2.1
91 silly idealTree:prePrune ├── on-headers@1.0.1
91 silly idealTree:prePrune ├── parseurl@1.3.1
91 silly idealTree:prePrune ├── qs@2.4.2
91 silly idealTree:prePrune ├─┬ raw-body@2.0.2
91 silly idealTree:prePrune │ └── bytes@2.1.0
91 silly idealTree:prePrune ├─┬ save@2.1.1
91 silly idealTree:prePrune │ ├── async@1.4.2
91 silly idealTree:prePrune │ ├─┬ event-stream@3.3.2
91 silly idealTree:prePrune │ │ ├── duplexer@0.1.1
91 silly idealTree:prePrune │ │ ├── from@0.1.3
91 silly idealTree:prePrune │ │ ├── map-stream@0.1.0
91 silly idealTree:prePrune │ │ ├── pause-stream@0.0.11
91 silly idealTree:prePrune │ │ ├── split@0.3.3
91 silly idealTree:prePrune │ │ ├── stream-combiner@0.0.4
91 silly idealTree:prePrune │ │ └── through@2.3.8
91 silly idealTree:prePrune │ ├─┬ lodash.assign@3.2.0
91 silly idealTree:prePrune │ │ ├─┬ lodash._baseassign@3.2.0
91 silly idealTree:prePrune │ │ │ └── lodash._basecopy@3.0.1
91 silly idealTree:prePrune │ │ ├─┬ lodash._createassigner@3.1.1
91 silly idealTree:prePrune │ │ │ ├── lodash._bindcallback@3.0.1
91 silly idealTree:prePrune │ │ │ ├── lodash._isiterateecall@3.0.9
91 silly idealTree:prePrune │ │ │ └── lodash.restparam@3.6.1
91 silly idealTree:prePrune │ │ └─┬ lodash.keys@3.1.2
91 silly idealTree:prePrune │ │   ├── lodash._getnative@3.9.1
91 silly idealTree:prePrune │ │   ├── lodash.isarguments@3.0.4
91 silly idealTree:prePrune │ │   └── lodash.isarray@3.0.4
91 silly idealTree:prePrune │ └─┬ mingo@0.6.1
91 silly idealTree:prePrune │   └── underscore@1.8.3
91 silly idealTree:prePrune ├── type-is@1.6.11
91 silly idealTree:prePrune ├── uid-safe@2.0.0
91 silly idealTree:prePrune └── utils-merge@1.0.0
92 silly loadIdealTree Finishing
93 silly currentTree spaza-app@0.0.0
93 silly currentTree ├── base64-url@1.2.1
93 silly currentTree ├── bcrypt@0.8.5
93 silly currentTree ├── bindings@1.2.1
93 silly currentTree ├── body-parser@1.12.4
93 silly currentTree ├── bytes@1.0.0
93 silly currentTree ├── content-type@1.0.1
93 silly currentTree ├── cookie-parser@1.4.1
93 silly currentTree ├── cookie-session@2.0.0-alpha.1
93 silly currentTree ├── cookie-signature@1.0.6
93 silly currentTree ├── cookie@0.2.3
93 silly currentTree ├── cookies@0.5.1
93 silly currentTree ├── crc@3.4.0
93 silly currentTree ├── debug@2.2.0
93 silly currentTree ├── depd@1.0.1
93 silly currentTree ├── ee-first@1.1.0
93 silly currentTree ├─┬ express-handlebars@2.0.1
93 silly currentTree │ ├─┬ glob@5.0.15
93 silly currentTree │ │ ├─┬ inflight@1.0.4
93 silly currentTree │ │ │ └── wrappy@1.0.1
93 silly currentTree │ │ ├── inherits@2.0.1
93 silly currentTree │ │ ├─┬ minimatch@3.0.0
93 silly currentTree │ │ │ └─┬ brace-expansion@1.1.1
93 silly currentTree │ │ │   ├── balanced-match@0.2.0
93 silly currentTree │ │ │   └── concat-map@0.0.1
93 silly currentTree │ │ ├─┬ once@1.3.2
93 silly currentTree │ │ │ └── wrappy@1.0.1
93 silly currentTree │ │ └── path-is-absolute@1.0.0
93 silly currentTree │ ├── graceful-fs@3.0.8
93 silly currentTree │ ├─┬ handlebars@3.0.3
93 silly currentTree │ │ ├─┬ optimist@0.6.1
93 silly currentTree │ │ │ ├── minimist@0.0.10
93 silly currentTree │ │ │ └── wordwrap@0.0.3
93 silly currentTree │ │ ├─┬ source-map@0.1.43
93 silly currentTree │ │ │ └── amdefine@1.0.0
93 silly currentTree │ │ └─┬ uglify-js@2.3.6
93 silly currentTree │ │   ├── async@0.2.10
93 silly currentTree │ │   └─┬ optimist@0.3.7
93 silly currentTree │ │     └── wordwrap@0.0.3
93 silly currentTree │ ├─┬ object.assign@1.1.1
93 silly currentTree │ │ └── object-keys@1.0.9
93 silly currentTree │ └─┬ promise@6.1.0
93 silly currentTree │   └── asap@1.0.0
93 silly currentTree ├── express-myconnection@1.0.4
93 silly currentTree ├─┬ express@4.13.3
93 silly currentTree │ ├─┬ accepts@1.2.13
93 silly currentTree │ │ ├─┬ mime-types@2.1.7
93 silly currentTree │ │ │ └── mime-db@1.19.0
93 silly currentTree │ │ └── negotiator@0.5.3
93 silly currentTree │ ├── array-flatten@1.1.1
93 silly currentTree │ ├── content-disposition@0.5.0
93 silly currentTree │ ├── content-type@1.0.1
93 silly currentTree │ ├── cookie-signature@1.0.6
93 silly currentTree │ ├── cookie@0.1.3
93 silly currentTree │ ├─┬ debug@2.2.0
93 silly currentTree │ │ └── ms@0.7.1
93 silly currentTree │ ├── depd@1.0.1
93 silly currentTree │ ├── escape-html@1.0.2
93 silly currentTree │ ├── etag@1.7.0
93 silly currentTree │ ├─┬ finalhandler@0.4.0
93 silly currentTree │ │ └── unpipe@1.0.0
93 silly currentTree │ ├── fresh@0.3.0
93 silly currentTree │ ├── merge-descriptors@1.0.0
93 silly currentTree │ ├── methods@1.1.1
93 silly currentTree │ ├─┬ on-finished@2.3.0
93 silly currentTree │ │ └── ee-first@1.1.1
93 silly currentTree │ ├── parseurl@1.3.0
93 silly currentTree │ ├── path-to-regexp@0.1.7
93 silly currentTree │ ├─┬ proxy-addr@1.0.8
93 silly currentTree │ │ ├── forwarded@0.1.0
93 silly currentTree │ │ └── ipaddr.js@1.0.1
93 silly currentTree │ ├── qs@4.0.0
93 silly currentTree │ ├── range-parser@1.0.2
93 silly currentTree │ ├─┬ send@0.13.0
93 silly currentTree │ │ ├── destroy@1.0.3
93 silly currentTree │ │ ├─┬ http-errors@1.3.1
93 silly currentTree │ │ │ └── inherits@2.0.1
93 silly currentTree │ │ ├── mime@1.3.4
93 silly currentTree │ │ ├── ms@0.7.1
93 silly currentTree │ │ └── statuses@1.2.1
93 silly currentTree │ ├── serve-static@1.10.0
93 silly currentTree │ ├─┬ type-is@1.6.9
93 silly currentTree │ │ ├── media-typer@0.3.0
93 silly currentTree │ │ └─┬ mime-types@2.1.7
93 silly currentTree │ │   └── mime-db@1.19.0
93 silly currentTree │ ├── utils-merge@1.0.0
93 silly currentTree │ └── vary@1.0.1
93 silly currentTree ├── iconv-lite@0.4.8
93 silly currentTree ├── keygrip@1.0.1
93 silly currentTree ├── media-typer@0.3.0
93 silly currentTree ├── mime-db@1.21.0
93 silly currentTree ├── mime-types@2.1.9
93 silly currentTree ├── ms@0.7.1
93 silly currentTree ├─┬ mysql@2.9.0
93 silly currentTree │ ├── bignumber.js@2.0.7
93 silly currentTree │ └─┬ readable-stream@1.1.13
93 silly currentTree │   ├── core-util-is@1.0.1
93 silly currentTree │   ├── inherits@2.0.1
93 silly currentTree │   ├── isarray@0.0.1
93 silly currentTree │   └── string_decoder@0.10.31
93 silly currentTree ├── nan@2.0.5
93 silly currentTree ├── on-finished@2.2.1
93 silly currentTree ├── on-headers@1.0.1
93 silly currentTree ├── parseurl@1.3.1
93 silly currentTree ├── qs@2.4.2
93 silly currentTree ├─┬ raw-body@2.0.2
93 silly currentTree │ └── bytes@2.1.0
93 silly currentTree ├─┬ save@2.1.1
93 silly currentTree │ ├── async@1.4.2
93 silly currentTree │ ├─┬ event-stream@3.3.2
93 silly currentTree │ │ ├── duplexer@0.1.1
93 silly currentTree │ │ ├── from@0.1.3
93 silly currentTree │ │ ├── map-stream@0.1.0
93 silly currentTree │ │ ├── pause-stream@0.0.11
93 silly currentTree │ │ ├── split@0.3.3
93 silly currentTree │ │ ├── stream-combiner@0.0.4
93 silly currentTree │ │ └── through@2.3.8
93 silly currentTree │ ├─┬ lodash.assign@3.2.0
93 silly currentTree │ │ ├─┬ lodash._baseassign@3.2.0
93 silly currentTree │ │ │ └── lodash._basecopy@3.0.1
93 silly currentTree │ │ ├─┬ lodash._createassigner@3.1.1
93 silly currentTree │ │ │ ├── lodash._bindcallback@3.0.1
93 silly currentTree │ │ │ ├── lodash._isiterateecall@3.0.9
93 silly currentTree │ │ │ └── lodash.restparam@3.6.1
93 silly currentTree │ │ └─┬ lodash.keys@3.1.2
93 silly currentTree │ │   ├── lodash._getnative@3.9.1
93 silly currentTree │ │   ├── lodash.isarguments@3.0.4
93 silly currentTree │ │   └── lodash.isarray@3.0.4
93 silly currentTree │ └─┬ mingo@0.6.1
93 silly currentTree │   └── underscore@1.8.3
93 silly currentTree ├── type-is@1.6.11
93 silly currentTree ├── uid-safe@2.0.0
93 silly currentTree └── utils-merge@1.0.0
94 silly idealTree spaza-app@0.0.0
94 silly idealTree ├── base64-url@1.2.1
94 silly idealTree ├── bcrypt@0.8.5
94 silly idealTree ├── bindings@1.2.1
94 silly idealTree ├── body-parser@1.12.4
94 silly idealTree ├── bytes@1.0.0
94 silly idealTree ├── content-type@1.0.1
94 silly idealTree ├── cookie-parser@1.4.1
94 silly idealTree ├── cookie-session@2.0.0-alpha.1
94 silly idealTree ├── cookie-signature@1.0.6
94 silly idealTree ├── cookie@0.2.3
94 silly idealTree ├── cookies@0.5.1
94 silly idealTree ├── crc@3.4.0
94 silly idealTree ├── debug@2.2.0
94 silly idealTree ├── depd@1.0.1
94 silly idealTree ├── ee-first@1.1.0
94 silly idealTree ├─┬ express-handlebars@2.0.1
94 silly idealTree │ ├─┬ glob@5.0.15
94 silly idealTree │ │ ├─┬ inflight@1.0.4
94 silly idealTree │ │ │ └── wrappy@1.0.1
94 silly idealTree │ │ ├── inherits@2.0.1
94 silly idealTree │ │ ├─┬ minimatch@3.0.0
94 silly idealTree │ │ │ └─┬ brace-expansion@1.1.1
94 silly idealTree │ │ │   ├── balanced-match@0.2.0
94 silly idealTree │ │ │   └── concat-map@0.0.1
94 silly idealTree │ │ ├─┬ once@1.3.2
94 silly idealTree │ │ │ └── wrappy@1.0.1
94 silly idealTree │ │ └── path-is-absolute@1.0.0
94 silly idealTree │ ├── graceful-fs@3.0.8
94 silly idealTree │ ├─┬ handlebars@3.0.3
94 silly idealTree │ │ ├─┬ optimist@0.6.1
94 silly idealTree │ │ │ ├── minimist@0.0.10
94 silly idealTree │ │ │ └── wordwrap@0.0.3
94 silly idealTree │ │ ├─┬ source-map@0.1.43
94 silly idealTree │ │ │ └── amdefine@1.0.0
94 silly idealTree │ │ └─┬ uglify-js@2.3.6
94 silly idealTree │ │   ├── async@0.2.10
94 silly idealTree │ │   └─┬ optimist@0.3.7
94 silly idealTree │ │     └── wordwrap@0.0.3
94 silly idealTree │ ├─┬ object.assign@1.1.1
94 silly idealTree │ │ └── object-keys@1.0.9
94 silly idealTree │ └─┬ promise@6.1.0
94 silly idealTree │   └── asap@1.0.0
94 silly idealTree ├── express-myconnection@1.0.4
94 silly idealTree ├─┬ express-session@1.13.0
94 silly idealTree │ └── depd@1.1.0
94 silly idealTree ├─┬ express@4.13.3
94 silly idealTree │ ├─┬ accepts@1.2.13
94 silly idealTree │ │ ├─┬ mime-types@2.1.7
94 silly idealTree │ │ │ └── mime-db@1.19.0
94 silly idealTree │ │ └── negotiator@0.5.3
94 silly idealTree │ ├── array-flatten@1.1.1
94 silly idealTree │ ├── content-disposition@0.5.0
94 silly idealTree │ ├── content-type@1.0.1
94 silly idealTree │ ├── cookie-signature@1.0.6
94 silly idealTree │ ├── cookie@0.1.3
94 silly idealTree │ ├─┬ debug@2.2.0
94 silly idealTree │ │ └── ms@0.7.1
94 silly idealTree │ ├── depd@1.0.1
94 silly idealTree │ ├── escape-html@1.0.2
94 silly idealTree │ ├── etag@1.7.0
94 silly idealTree │ ├─┬ finalhandler@0.4.0
94 silly idealTree │ │ └── unpipe@1.0.0
94 silly idealTree │ ├── fresh@0.3.0
94 silly idealTree │ ├── merge-descriptors@1.0.0
94 silly idealTree │ ├── methods@1.1.1
94 silly idealTree │ ├─┬ on-finished@2.3.0
94 silly idealTree │ │ └── ee-first@1.1.1
94 silly idealTree │ ├── parseurl@1.3.0
94 silly idealTree │ ├── path-to-regexp@0.1.7
94 silly idealTree │ ├─┬ proxy-addr@1.0.8
94 silly idealTree │ │ ├── forwarded@0.1.0
94 silly idealTree │ │ └── ipaddr.js@1.0.1
94 silly idealTree │ ├── qs@4.0.0
94 silly idealTree │ ├── range-parser@1.0.2
94 silly idealTree │ ├─┬ send@0.13.0
94 silly idealTree │ │ ├── destroy@1.0.3
94 silly idealTree │ │ ├─┬ http-errors@1.3.1
94 silly idealTree │ │ │ └── inherits@2.0.1
94 silly idealTree │ │ ├── mime@1.3.4
94 silly idealTree │ │ ├── ms@0.7.1
94 silly idealTree │ │ └── statuses@1.2.1
94 silly idealTree │ ├── serve-static@1.10.0
94 silly idealTree │ ├─┬ type-is@1.6.9
94 silly idealTree │ │ ├── media-typer@0.3.0
94 silly idealTree │ │ └─┬ mime-types@2.1.7
94 silly idealTree │ │   └── mime-db@1.19.0
94 silly idealTree │ ├── utils-merge@1.0.0
94 silly idealTree │ └── vary@1.0.1
94 silly idealTree ├── iconv-lite@0.4.8
94 silly idealTree ├── keygrip@1.0.1
94 silly idealTree ├── media-typer@0.3.0
94 silly idealTree ├── mime-db@1.21.0
94 silly idealTree ├── mime-types@2.1.9
94 silly idealTree ├── ms@0.7.1
94 silly idealTree ├─┬ mysql@2.9.0
94 silly idealTree │ ├── bignumber.js@2.0.7
94 silly idealTree │ └─┬ readable-stream@1.1.13
94 silly idealTree │   ├── core-util-is@1.0.1
94 silly idealTree │   ├── inherits@2.0.1
94 silly idealTree │   ├── isarray@0.0.1
94 silly idealTree │   └── string_decoder@0.10.31
94 silly idealTree ├── nan@2.0.5
94 silly idealTree ├── on-finished@2.2.1
94 silly idealTree ├── on-headers@1.0.1
94 silly idealTree ├── parseurl@1.3.1
94 silly idealTree ├── qs@2.4.2
94 silly idealTree ├─┬ raw-body@2.0.2
94 silly idealTree │ └── bytes@2.1.0
94 silly idealTree ├─┬ save@2.1.1
94 silly idealTree │ ├── async@1.4.2
94 silly idealTree │ ├─┬ event-stream@3.3.2
94 silly idealTree │ │ ├── duplexer@0.1.1
94 silly idealTree │ │ ├── from@0.1.3
94 silly idealTree │ │ ├── map-stream@0.1.0
94 silly idealTree │ │ ├── pause-stream@0.0.11
94 silly idealTree │ │ ├── split@0.3.3
94 silly idealTree │ │ ├── stream-combiner@0.0.4
94 silly idealTree │ │ └── through@2.3.8
94 silly idealTree │ ├─┬ lodash.assign@3.2.0
94 silly idealTree │ │ ├─┬ lodash._baseassign@3.2.0
94 silly idealTree │ │ │ └── lodash._basecopy@3.0.1
94 silly idealTree │ │ ├─┬ lodash._createassigner@3.1.1
94 silly idealTree │ │ │ ├── lodash._bindcallback@3.0.1
94 silly idealTree │ │ │ ├── lodash._isiterateecall@3.0.9
94 silly idealTree │ │ │ └── lodash.restparam@3.6.1
94 silly idealTree │ │ └─┬ lodash.keys@3.1.2
94 silly idealTree │ │   ├── lodash._getnative@3.9.1
94 silly idealTree │ │   ├── lodash.isarguments@3.0.4
94 silly idealTree │ │   └── lodash.isarray@3.0.4
94 silly idealTree │ └─┬ mingo@0.6.1
94 silly idealTree │   └── underscore@1.8.3
94 silly idealTree ├── type-is@1.6.11
94 silly idealTree ├── uid-safe@2.0.0
94 silly idealTree └── utils-merge@1.0.0
95 silly generateActionsToTake Starting
96 silly install generateActionsToTake
97 silly generateActionsToTake Finishing
98 silly diffTrees action count 4
99 silly diffTrees add depd@1.1.0
100 silly diffTrees update cookie-parser@1.4.1
101 silly diffTrees update cookie-session@2.0.0-alpha.1
102 silly diffTrees add express-session@1.13.0
103 silly decomposeActions action count 32
104 silly decomposeActions fetch depd@1.1.0
105 silly decomposeActions extract depd@1.1.0
106 silly decomposeActions test depd@1.1.0
107 silly decomposeActions preinstall depd@1.1.0
108 silly decomposeActions build depd@1.1.0
109 silly decomposeActions install depd@1.1.0
110 silly decomposeActions postinstall depd@1.1.0
111 silly decomposeActions finalize depd@1.1.0
112 silly decomposeActions fetch cookie-parser@1.4.1
113 silly decomposeActions extract cookie-parser@1.4.1
114 silly decomposeActions test cookie-parser@1.4.1
115 silly decomposeActions preinstall cookie-parser@1.4.1
116 silly decomposeActions build cookie-parser@1.4.1
117 silly decomposeActions install cookie-parser@1.4.1
118 silly decomposeActions postinstall cookie-parser@1.4.1
119 silly decomposeActions finalize cookie-parser@1.4.1
120 silly decomposeActions fetch cookie-session@2.0.0-alpha.1
121 silly decomposeActions extract cookie-session@2.0.0-alpha.1
122 silly decomposeActions test cookie-session@2.0.0-alpha.1
123 silly decomposeActions preinstall cookie-session@2.0.0-alpha.1
124 silly decomposeActions build cookie-session@2.0.0-alpha.1
125 silly decomposeActions install cookie-session@2.0.0-alpha.1
126 silly decomposeActions postinstall cookie-session@2.0.0-alpha.1
127 silly decomposeActions finalize cookie-session@2.0.0-alpha.1
128 silly decomposeActions fetch express-session@1.13.0
129 silly decomposeActions extract express-session@1.13.0
130 silly decomposeActions test express-session@1.13.0
131 silly decomposeActions preinstall express-session@1.13.0
132 silly decomposeActions build express-session@1.13.0
133 silly decomposeActions install express-session@1.13.0
134 silly decomposeActions postinstall express-session@1.13.0
135 silly decomposeActions finalize express-session@1.13.0
136 silly executeActions Starting
137 silly install executeActions
138 silly doSerial global-install 0
139 silly doParallel fetch 4
140 verbose lock using /home/siphesande/.npm/_locks/staging-4d6a21bd8c5beded.lock for /home/siphesande/Projects/spaza-app/node_modules/.staging
141 silly doParallel extract 4
142 silly extract depd@1.1.0
143 silly extract cookie-parser@1.4.1
144 silly extract cookie-session@2.0.0-alpha.1
145 silly extract express-session@1.13.0
146 verbose unbuild node_modules/.staging/cookie-session-1395e5e077adfcb55d9628a5c8e1aedb
147 verbose unbuild node_modules/.staging/cookie-parser-e263152bf649206136658a8eb6811ff5
148 verbose unbuild node_modules/.staging/depd-f9c09bd72b66477fbbf2abd36f86b5ef
149 verbose unbuild node_modules/.staging/express-session-35f6e7640f940fb6f51ca5867b4ea358
150 silly gentlyRm /home/siphesande/Projects/spaza-app/node_modules/.staging/cookie-session-1395e5e077adfcb55d9628a5c8e1aedb is being purged from base /home/siphesande/Projects/spaza-app
151 verbose gentlyRm don't care about contents; nuking /home/siphesande/Projects/spaza-app/node_modules/.staging/cookie-session-1395e5e077adfcb55d9628a5c8e1aedb
152 silly gentlyRm /home/siphesande/Projects/spaza-app/node_modules/.staging/cookie-parser-e263152bf649206136658a8eb6811ff5 is being purged from base /home/siphesande/Projects/spaza-app
153 verbose gentlyRm don't care about contents; nuking /home/siphesande/Projects/spaza-app/node_modules/.staging/cookie-parser-e263152bf649206136658a8eb6811ff5
154 silly gentlyRm /home/siphesande/Projects/spaza-app/node_modules/.staging/depd-f9c09bd72b66477fbbf2abd36f86b5ef is being purged from base /home/siphesande/Projects/spaza-app
155 verbose gentlyRm don't care about contents; nuking /home/siphesande/Projects/spaza-app/node_modules/.staging/depd-f9c09bd72b66477fbbf2abd36f86b5ef
156 silly gentlyRm /home/siphesande/Projects/spaza-app/node_modules/.staging/express-session-35f6e7640f940fb6f51ca5867b4ea358 is being purged from base /home/siphesande/Projects/spaza-app
157 verbose gentlyRm don't care about contents; nuking /home/siphesande/Projects/spaza-app/node_modules/.staging/express-session-35f6e7640f940fb6f51ca5867b4ea358
158 verbose tar unpack /home/siphesande/.npm/cookie-session/2.0.0-alpha.1/package.tgz
159 verbose tar unpacking to /home/siphesande/Projects/spaza-app/node_modules/.staging/cookie-session-1395e5e077adfcb55d9628a5c8e1aedb
160 silly gentlyRm /home/siphesande/Projects/spaza-app/node_modules/.staging/cookie-session-1395e5e077adfcb55d9628a5c8e1aedb is being purged
161 verbose gentlyRm don't care about contents; nuking /home/siphesande/Projects/spaza-app/node_modules/.staging/cookie-session-1395e5e077adfcb55d9628a5c8e1aedb
162 verbose tar unpack /home/siphesande/.npm/cookie-parser/1.4.1/package.tgz
163 verbose tar unpacking to /home/siphesande/Projects/spaza-app/node_modules/.staging/cookie-parser-e263152bf649206136658a8eb6811ff5
164 silly gentlyRm /home/siphesande/Projects/spaza-app/node_modules/.staging/cookie-parser-e263152bf649206136658a8eb6811ff5 is being purged
165 verbose gentlyRm don't care about contents; nuking /home/siphesande/Projects/spaza-app/node_modules/.staging/cookie-parser-e263152bf649206136658a8eb6811ff5
166 verbose tar unpack /home/siphesande/.npm/depd/1.1.0/package.tgz
167 verbose tar unpacking to /home/siphesande/Projects/spaza-app/node_modules/.staging/depd-f9c09bd72b66477fbbf2abd36f86b5ef
168 silly gentlyRm /home/siphesande/Projects/spaza-app/node_modules/.staging/depd-f9c09bd72b66477fbbf2abd36f86b5ef is being purged
169 verbose gentlyRm don't care about contents; nuking /home/siphesande/Projects/spaza-app/node_modules/.staging/depd-f9c09bd72b66477fbbf2abd36f86b5ef
170 verbose tar unpack /home/siphesande/.npm/express-session/1.13.0/package.tgz
171 verbose tar unpacking to /home/siphesande/Projects/spaza-app/node_modules/.staging/express-session-35f6e7640f940fb6f51ca5867b4ea358
172 silly gentlyRm /home/siphesande/Projects/spaza-app/node_modules/.staging/express-session-35f6e7640f940fb6f51ca5867b4ea358 is being purged
173 verbose gentlyRm don't care about contents; nuking /home/siphesande/Projects/spaza-app/node_modules/.staging/express-session-35f6e7640f940fb6f51ca5867b4ea358
174 silly gunzTarPerm modes [ '755', '644' ]
175 silly gunzTarPerm modes [ '755', '644' ]
176 silly gunzTarPerm modes [ '755', '644' ]
177 silly gunzTarPerm modes [ '755', '644' ]
178 silly gunzTarPerm extractEntry package.json
179 silly gunzTarPerm modified mode [ 'package.json', 438, 420 ]
180 silly gunzTarPerm extractEntry package.json
181 silly gunzTarPerm modified mode [ 'package.json', 438, 420 ]
182 silly gunzTarPerm extractEntry package.json
183 silly gunzTarPerm extractEntry package.json
184 silly gunzTarPerm modified mode [ 'package.json', 438, 420 ]
185 silly gunzTarPerm extractEntry README.md
186 silly gunzTarPerm modified mode [ 'README.md', 438, 420 ]
187 silly gunzTarPerm extractEntry LICENSE
188 silly gunzTarPerm modified mode [ 'LICENSE', 438, 420 ]
189 silly gunzTarPerm extractEntry README.md
190 silly gunzTarPerm modified mode [ 'README.md', 438, 420 ]
191 silly gunzTarPerm extractEntry LICENSE
192 silly gunzTarPerm modified mode [ 'LICENSE', 438, 420 ]
193 silly gunzTarPerm extractEntry LICENSE
194 silly gunzTarPerm extractEntry index.js
195 silly gunzTarPerm extractEntry README.md
196 silly gunzTarPerm modified mode [ 'README.md', 438, 420 ]
197 silly gunzTarPerm extractEntry LICENSE
198 silly gunzTarPerm modified mode [ 'LICENSE', 438, 420 ]
199 silly gunzTarPerm extractEntry index.js
200 silly gunzTarPerm modified mode [ 'index.js', 438, 420 ]
201 silly gunzTarPerm extractEntry HISTORY.md
202 silly gunzTarPerm modified mode [ 'HISTORY.md', 438, 420 ]
203 silly gunzTarPerm extractEntry session/cookie.js
204 silly gunzTarPerm modified mode [ 'session/cookie.js', 438, 420 ]
205 silly gunzTarPerm extractEntry session/memory.js
206 silly gunzTarPerm modified mode [ 'session/memory.js', 438, 420 ]
207 silly gunzTarPerm extractEntry session/session.js
208 silly gunzTarPerm modified mode [ 'session/session.js', 438, 420 ]
209 silly gunzTarPerm extractEntry session/store.js
210 silly gunzTarPerm modified mode [ 'session/store.js', 438, 420 ]
211 silly gunzTarPerm extractEntry index.js
212 silly gunzTarPerm modified mode [ 'index.js', 438, 420 ]
213 silly gunzTarPerm extractEntry HISTORY.md
214 silly gunzTarPerm modified mode [ 'HISTORY.md', 438, 420 ]
215 silly gunzTarPerm extractEntry index.js
216 silly gunzTarPerm modified mode [ 'index.js', 438, 420 ]
217 silly gunzTarPerm extractEntry HISTORY.md
218 silly gunzTarPerm modified mode [ 'HISTORY.md', 438, 420 ]
219 silly gunzTarPerm extractEntry History.md
220 silly gunzTarPerm extractEntry Readme.md
221 silly gunzTarPerm extractEntry lib/browser/index.js
222 silly gunzTarPerm extractEntry lib/compat/buffer-concat.js
223 silly gunzTarPerm extractEntry lib/compat/callsite-tostring.js
224 silly gunzTarPerm extractEntry lib/compat/event-listener-count.js
225 silly gunzTarPerm extractEntry lib/compat/index.js
226 silly gentlyRm /home/siphesande/Projects/spaza-app/node_modules/.staging/cookie-parser-e263152bf649206136658a8eb6811ff5/node_modules is being purged
227 verbose gentlyRm don't care about contents; nuking /home/siphesande/Projects/spaza-app/node_modules/.staging/cookie-parser-e263152bf649206136658a8eb6811ff5/node_modules
228 silly gentlyRm /home/siphesande/Projects/spaza-app/node_modules/.staging/cookie-session-1395e5e077adfcb55d9628a5c8e1aedb/node_modules is being purged
229 verbose gentlyRm don't care about contents; nuking /home/siphesande/Projects/spaza-app/node_modules/.staging/cookie-session-1395e5e077adfcb55d9628a5c8e1aedb/node_modules
230 silly gentlyRm /home/siphesande/Projects/spaza-app/node_modules/.staging/express-session-35f6e7640f940fb6f51ca5867b4ea358/node_modules/depd is being purged
231 verbose gentlyRm don't care about contents; nuking /home/siphesande/Projects/spaza-app/node_modules/.staging/express-session-35f6e7640f940fb6f51ca5867b4ea358/node_modules/depd
232 silly gentlyRm /home/siphesande/Projects/spaza-app/node_modules/.staging/express-session-35f6e7640f940fb6f51ca5867b4ea358/node_modules is being purged
233 verbose gentlyRm don't care about contents; nuking /home/siphesande/Projects/spaza-app/node_modules/.staging/express-session-35f6e7640f940fb6f51ca5867b4ea358/node_modules
234 silly gentlyRm /home/siphesande/Projects/spaza-app/node_modules/.staging/depd-f9c09bd72b66477fbbf2abd36f86b5ef/node_modules is being purged
235 verbose gentlyRm don't care about contents; nuking /home/siphesande/Projects/spaza-app/node_modules/.staging/depd-f9c09bd72b66477fbbf2abd36f86b5ef/node_modules
236 silly doParallel preinstall 4
237 silly preinstall depd@1.1.0 /home/siphesande/Projects/spaza-app/node_modules/.staging/depd-f9c09bd72b66477fbbf2abd36f86b5ef
238 info lifecycle depd@1.1.0~preinstall: depd@1.1.0
239 silly preinstall cookie-parser@1.4.1 /home/siphesande/Projects/spaza-app/node_modules/.staging/cookie-parser-e263152bf649206136658a8eb6811ff5
240 info lifecycle cookie-parser@1.4.1~preinstall: cookie-parser@1.4.1
241 silly preinstall cookie-session@2.0.0-alpha.1 /home/siphesande/Projects/spaza-app/node_modules/.staging/cookie-session-1395e5e077adfcb55d9628a5c8e1aedb
242 info lifecycle cookie-session@2.0.0-alpha.1~preinstall: cookie-session@2.0.0-alpha.1
243 silly preinstall express-session@1.13.0 /home/siphesande/Projects/spaza-app/node_modules/.staging/express-session-35f6e7640f940fb6f51ca5867b4ea358
244 info lifecycle express-session@1.13.0~preinstall: express-session@1.13.0
245 silly lifecycle depd@1.1.0~preinstall: no script for preinstall, continuing
246 silly lifecycle cookie-parser@1.4.1~preinstall: no script for preinstall, continuing
247 silly lifecycle cookie-session@2.0.0-alpha.1~preinstall: no script for preinstall, continuing
248 silly lifecycle express-session@1.13.0~preinstall: no script for preinstall, continuing
249 silly doReverseSerial remove 0
250 silly doSerial move 0
251 silly doSerial finalize 4
252 silly finalize /home/siphesande/Projects/spaza-app/node_modules/express-session/node_modules/depd
253 silly finalize /home/siphesande/Projects/spaza-app/node_modules/cookie-parser
254 silly finalize /home/siphesande/Projects/spaza-app/node_modules/cookie-session
255 silly finalize /home/siphesande/Projects/spaza-app/node_modules/express-session
256 verbose unlock done using /home/siphesande/.npm/_locks/staging-4d6a21bd8c5beded.lock for /home/siphesande/Projects/spaza-app/node_modules/.staging
257 silly rollbackFailedOptional Starting
258 silly rollbackFailedOptional Finishing
259 silly runTopLevelLifecycles Starting
260 silly runTopLevelLifecycles Finishing
261 silly install printInstalled
262 warn spaza-app@0.0.0 No repository field.
263 warn In express-session@1.13.0 replacing bundled version of depd with depd@1.1.0
264 verbose stack Error: ENOTEMPTY: directory not empty, rename '/home/siphesande/Projects/spaza-app/node_modules/express-session' -> '/home/siphesande/Projects/spaza-app/node_modules/.express-session.DELETE'
264 verbose stack     at Error (native)
265 verbose cwd /home/siphesande/Projects/spaza-app
266 error Linux 3.13.0-57-generic
267 error argv "/usr/bin/nodejs" "/usr/local/bin/npm" "install" "express-session"
268 error node v4.2.3
269 error npm  v3.5.0
270 error path /home/siphesande/Projects/spaza-app/node_modules/express-session
271 error code ENOTEMPTY
272 error errno -39
273 error syscall rename
274 error ENOTEMPTY: directory not empty, rename '/home/siphesande/Projects/spaza-app/node_modules/express-session' -> '/home/siphesande/Projects/spaza-app/node_modules/.express-session.DELETE'
275 error If you need help, you may report this error at:
275 error     <https://github.com/npm/npm/issues>
276 verbose exit [ -39, true ]
